<?xml version="1.0" encoding="UTF-8"?>
<!-- Generated by org.testng.reporters.JUnitReportReporter -->
<testsuite skipped="0" hostname="IMRAN-PC" name="com.shikhai.shikhaiApp.Utils.DriverManager" tests="1" failures="0" timestamp="2020-07-20T23:25:58 BDT" time="0.012" errors="0">
  <testcase name="DriverTest" time="0.012" classname="com.shikhai.shikhaiApp.Utils.DriverManager"/>
  <system-out/>
</testsuite> <!-- com.shikhai.shikhaiApp.Utils.DriverManager -->
