<?xml version="1.0" encoding="UTF-8"?>
<!-- Generated by org.testng.reporters.JUnitReportReporter -->
<testsuite skipped="0" hostname="IMRAN-PC" name="com.shikhai.shikhaiApp.Test.JoinAsModerator" tests="1" failures="0" timestamp="2020-07-23T00:13:42 BDT" time="14.567" errors="0">
  <testcase name="ModeratorJoin" time="14.567" classname="com.shikhai.shikhaiApp.Test.JoinAsModerator"/>
  <system-out/>
</testsuite> <!-- com.shikhai.shikhaiApp.Test.JoinAsModerator -->
